# JRE version: Java(TM) SE Runtime Environment (8.0_66-b17) (build 1.8.0_66-b17)
# Java VM: Java HotSpot(TM) 64-Bit Server VM (25.66-b17 mixed mode linux-amd64 compressed oops)
Heap:
 PSYoungGen      total 134144K, used 16671K [0x00000000eb580000, 0x00000000f4580000, 0x0000000100000000)
  eden space 125440K, 6% used [0x00000000eb580000,0x00000000ebd97e18,0x00000000f3000000)
  from space 8704K, 96% used [0x00000000f3a00000,0x00000000f4230000,0x00000000f4280000)
  to   space 10240K, 0% used [0x00000000f3000000,0x00000000f3000000,0x00000000f3a00000)
 ParOldGen       total 42496K, used 12217K [0x00000000c2000000, 0x00000000c4980000, 0x00000000eb580000)
  object space 42496K, 28% used [0x00000000c2000000,0x00000000c2bee6b8,0x00000000c4980000)
 Metaspace       used 15223K, capacity 16472K, committed 16640K, reserved 1064960K
  class space    used 1793K, capacity 2036K, committed 2048K, reserved 1048576K
GC Heap History (10 events):
Event: 2.481 GC heap before
{Heap before GC invocations=2 (full 0):
 PSYoungGen      total 18432K, used 18431K [0x00000000eb580000, 0x00000000ed980000, 0x0000000100000000)
  eden space 15872K, 100% used [0x00000000eb580000,0x00000000ec500000,0x00000000ec500000)
  from space 2560K, 99% used [0x00000000ec500000,0x00000000ec77fc60,0x00000000ec780000)
  to   space 2560K, 0% used [0x00000000ed700000,0x00000000ed700000,0x00000000ed980000)
 ParOldGen       total 42496K, used 465K [0x00000000c2000000, 0x00000000c4980000, 0x00000000eb580000)
  object space 42496K, 1% used [0x00000000c2000000,0x00000000c2074588,0x00000000c4980000)
 Metaspace       used 9485K, capacity 9682K, committed 9984K, reserved 1058816K
  class space    used 1124K, capacity 1177K, committed 1280K, reserved 1048576K
Event: 2.490 GC heap after
Heap after GC invocations=2 (full 0):
 PSYoungGen      total 34304K, used 2550K [0x00000000eb580000, 0x00000000ed980000, 0x0000000100000000)
  eden space 31744K, 0% used [0x00000000eb580000,0x00000000eb580000,0x00000000ed480000)
  from space 2560K, 99% used [0x00000000ed700000,0x00000000ed97d890,0x00000000ed980000)
  to   space 2560K, 0% used [0x00000000ed480000,0x00000000ed480000,0x00000000ed700000)
 ParOldGen       total 42496K, used 1523K [0x00000000c2000000, 0x00000000c4980000, 0x00000000eb580000)
  object space 42496K, 3% used [0x00000000c2000000,0x00000000c217cdf8,0x00000000c4980000)
 Metaspace       used 9485K, capacity 9682K, committed 9984K, reserved 1058816K
  class space    used 1124K, capacity 1177K, committed 1280K, reserved 1048576K
}
Event: 3.619 GC heap before
{Heap before GC invocations=3 (full 0):
 PSYoungGen      total 34304K, used 34294K [0x00000000eb580000, 0x00000000ed980000, 0x0000000100000000)
  eden space 31744K, 100% used [0x00000000eb580000,0x00000000ed480000,0x00000000ed480000)
  from space 2560K, 99% used [0x00000000ed700000,0x00000000ed97d890,0x00000000ed980000)
  to   space 2560K, 0% used [0x00000000ed480000,0x00000000ed480000,0x00000000ed700000)
 ParOldGen       total 42496K, used 1523K [0x00000000c2000000, 0x00000000c4980000, 0x00000000eb580000)
  object space 42496K, 3% used [0x00000000c2000000,0x00000000c217cdf8,0x00000000c4980000)
 Metaspace       used 12643K, capacity 12986K, committed 13184K, reserved 1060864K
  class space    used 1497K, capacity 1567K, committed 1664K, reserved 1048576K
Event: 3.640 GC heap after
Heap after GC invocations=3 (full 0):
 PSYoungGen      total 34304K, used 2544K [0x00000000eb580000, 0x00000000ef880000, 0x0000000100000000)
  eden space 31744K, 0% used [0x00000000eb580000,0x00000000eb580000,0x00000000ed480000)
  from space 2560K, 99% used [0x00000000ed480000,0x00000000ed6fc010,0x00000000ed700000)
  to   space 2560K, 0% used [0x00000000ef600000,0x00000000ef600000,0x00000000ef880000)
 ParOldGen       total 42496K, used 3229K [0x00000000c2000000, 0x00000000c4980000, 0x00000000eb580000)
  object space 42496K, 7% used [0x00000000c2000000,0x00000000c23276a0,0x00000000c4980000)
 Metaspace       used 12643K, capacity 12986K, committed 13184K, reserved 1060864K
  class space    used 1497K, capacity 1567K, committed 1664K, reserved 1048576K
}
Event: 4.655 GC heap before
{Heap before GC invocations=4 (full 0):
 PSYoungGen      total 34304K, used 34288K [0x00000000eb580000, 0x00000000ef880000, 0x0000000100000000)
  eden space 31744K, 100% used [0x00000000eb580000,0x00000000ed480000,0x00000000ed480000)
  from space 2560K, 99% used [0x00000000ed480000,0x00000000ed6fc010,0x00000000ed700000)
  to   space 2560K, 0% used [0x00000000ef600000,0x00000000ef600000,0x00000000ef880000)
 ParOldGen       total 42496K, used 3229K [0x00000000c2000000, 0x00000000c4980000, 0x00000000eb580000)
  object space 42496K, 7% used [0x00000000c2000000,0x00000000c23276a0,0x00000000c4980000)
 Metaspace       used 14690K, capacity 15806K, committed 15872K, reserved 1062912K
  class space    used 1751K, capacity 1989K, committed 2048K, reserved 1048576K
Event: 4.688 GC heap after
Heap after GC invocations=4 (full 0):
 PSYoungGen      total 66048K, used 2544K [0x00000000eb580000, 0x00000000ef880000, 0x0000000100000000)
  eden space 63488K, 0% used [0x00000000eb580000,0x00000000eb580000,0x00000000ef380000)
  from space 2560K, 99% used [0x00000000ef600000,0x00000000ef87c010,0x00000000ef880000)
  to   space 2560K, 0% used [0x00000000ef380000,0x00000000ef380000,0x00000000ef600000)
 ParOldGen       total 42496K, used 5744K [0x00000000c2000000, 0x00000000c4980000, 0x00000000eb580000)
  object space 42496K, 13% used [0x00000000c2000000,0x00000000c259c190,0x00000000c4980000)
 Metaspace       used 14690K, capacity 15806K, committed 15872K, reserved 1062912K
  class space    used 1751K, capacity 1989K, committed 2048K, reserved 1048576K
}
Event: 6.290 GC heap before
{Heap before GC invocations=5 (full 0):
 PSYoungGen      total 66048K, used 66032K [0x00000000eb580000, 0x00000000ef880000, 0x0000000100000000)
  eden space 63488K, 100% used [0x00000000eb580000,0x00000000ef380000,0x00000000ef380000)
  from space 2560K, 99% used [0x00000000ef600000,0x00000000ef87c010,0x00000000ef880000)
  to   space 2560K, 0% used [0x00000000ef380000,0x00000000ef380000,0x00000000ef600000)
 ParOldGen       total 42496K, used 5744K [0x00000000c2000000, 0x00000000c4980000, 0x00000000eb580000)
  object space 42496K, 13% used [0x00000000c2000000,0x00000000c259c190,0x00000000c4980000)
 Metaspace       used 15087K, capacity 16302K, committed 16384K, reserved 1062912K
  class space    used 1787K, capacity 2029K, committed 2048K, reserved 1048576K
Event: 6.354 GC heap after
Heap after GC invocations=5 (full 0):
 PSYoungGen      total 66048K, used 2544K [0x00000000eb580000, 0x00000000f4280000, 0x0000000100000000)
  eden space 63488K, 0% used [0x00000000eb580000,0x00000000eb580000,0x00000000ef380000)
  from space 2560K, 99% used [0x00000000ef380000,0x00000000ef5fc010,0x00000000ef600000)
  to   space 8704K, 0% used [0x00000000f3a00000,0x00000000f3a00000,0x00000000f4280000)
 ParOldGen       total 42496K, used 12217K [0x00000000c2000000, 0x00000000c4980000, 0x00000000eb580000)
  object space 42496K, 28% used [0x00000000c2000000,0x00000000c2bee6b8,0x00000000c4980000)
 Metaspace       used 15087K, capacity 16302K, committed 16384K, reserved 1062912K
  class space    used 1787K, capacity 2029K, committed 2048K, reserved 1048576K
}
Event: 7.569 GC heap before
{Heap before GC invocations=6 (full 0):
 PSYoungGen      total 66048K, used 66032K [0x00000000eb580000, 0x00000000f4280000, 0x0000000100000000)
  eden space 63488K, 100% used [0x00000000eb580000,0x00000000ef380000,0x00000000ef380000)
  from space 2560K, 99% used [0x00000000ef380000,0x00000000ef5fc010,0x00000000ef600000)
  to   space 8704K, 0% used [0x00000000f3a00000,0x00000000f3a00000,0x00000000f4280000)
 ParOldGen       total 42496K, used 12217K [0x00000000c2000000, 0x00000000c4980000, 0x00000000eb580000)
  object space 42496K, 28% used [0x00000000c2000000,0x00000000c2bee6b8,0x00000000c4980000)
 Metaspace       used 15205K, capacity 16408K, committed 16640K, reserved 1064960K
  class space    used 1791K, capacity 2036K, committed 2048K, reserved 1048576K
Event: 7.617 GC heap after
Heap after GC invocations=6 (full 0):
 PSYoungGen      total 134144K, used 8384K [0x00000000eb580000, 0x00000000f4580000, 0x0000000100000000)
  eden space 125440K, 0% used [0x00000000eb580000,0x00000000eb580000,0x00000000f3000000)
  from space 8704K, 96% used [0x00000000f3a00000,0x00000000f4230000,0x00000000f4280000)
  to   space 10240K, 0% used [0x00000000f3000000,0x00000000f3000000,0x00000000f3a00000)
 ParOldGen       total 42496K, used 12217K [0x00000000c2000000, 0x00000000c4980000, 0x00000000eb580000)
  object space 42496K, 28% used [0x00000000c2000000,0x00000000c2bee6b8,0x00000000c4980000)
 Metaspace       used 15205K, capacity 16408K, committed 16640K, reserved 1064960K
  class space    used 1791K, capacity 2036K, committed 2048K, reserved 1048576K
}

